  FCGOpenGL.cpp
D:\Sem 4\SECV2213-01 FUNDAMENTAL OF COMPUTER GRAPHICS (ASAS GRAFIK BERKOMPUTER)\Assignment\Project\Project_Group1\FCGOpenGL.cpp(144,14): warning C4244: 'initializing': conversion from 'double' to 'float', possible loss of data
D:\Sem 4\SECV2213-01 FUNDAMENTAL OF COMPUTER GRAPHICS (ASAS GRAFIK BERKOMPUTER)\Assignment\Project\Project_Group1\FCGOpenGL.cpp(191,13): warning C4244: '=': conversion from 'float' to 'int', possible loss of data
D:\Sem 4\SECV2213-01 FUNDAMENTAL OF COMPUTER GRAPHICS (ASAS GRAFIK BERKOMPUTER)\Assignment\Project\Project_Group1\FCGOpenGL.cpp(207,26): warning C4244: '+=': conversion from 'float' to 'int', possible loss of data
D:\Sem 4\SECV2213-01 FUNDAMENTAL OF COMPUTER GRAPHICS (ASAS GRAFIK BERKOMPUTER)\Assignment\Project\Project_Group1\FCGOpenGL.cpp(216,26): warning C4244: '+=': conversion from 'float' to 'int', possible loss of data
D:\Sem 4\SECV2213-01 FUNDAMENTAL OF COMPUTER GRAPHICS (ASAS GRAFIK BERKOMPUTER)\Assignment\Project\Project_Group1\FCGOpenGL.cpp(415,16): warning C4244: 'initializing': conversion from 'double' to 'float', possible loss of data
D:\Sem 4\SECV2213-01 FUNDAMENTAL OF COMPUTER GRAPHICS (ASAS GRAFIK BERKOMPUTER)\Assignment\Project\Project_Group1\FCGOpenGL.cpp(416,16): warning C4244: 'initializing': conversion from 'double' to 'float', possible loss of data
D:\Sem 4\SECV2213-01 FUNDAMENTAL OF COMPUTER GRAPHICS (ASAS GRAFIK BERKOMPUTER)\Assignment\Project\Project_Group1\FCGOpenGL.cpp(421,14): warning C4244: 'initializing': conversion from 'double' to 'float', possible loss of data
D:\Sem 4\SECV2213-01 FUNDAMENTAL OF COMPUTER GRAPHICS (ASAS GRAFIK BERKOMPUTER)\Assignment\Project\Project_Group1\FCGOpenGL.cpp(472,27): warning C4305: 'argument': truncation from 'double' to 'GLfloat'
D:\Sem 4\SECV2213-01 FUNDAMENTAL OF COMPUTER GRAPHICS (ASAS GRAFIK BERKOMPUTER)\Assignment\Project\Project_Group1\FCGOpenGL.cpp(496,29): warning C4305: 'argument': truncation from 'double' to 'float'
D:\Sem 4\SECV2213-01 FUNDAMENTAL OF COMPUTER GRAPHICS (ASAS GRAFIK BERKOMPUTER)\Assignment\Project\Project_Group1\FCGOpenGL.cpp(508,26): warning C4305: 'argument': truncation from 'double' to 'GLfloat'
D:\Sem 4\SECV2213-01 FUNDAMENTAL OF COMPUTER GRAPHICS (ASAS GRAFIK BERKOMPUTER)\Assignment\Project\Project_Group1\FCGOpenGL.cpp(509,32): warning C4244: 'argument': conversion from 'float' to 'GLint', possible loss of data
D:\Sem 4\SECV2213-01 FUNDAMENTAL OF COMPUTER GRAPHICS (ASAS GRAFIK BERKOMPUTER)\Assignment\Project\Project_Group1\FCGOpenGL.cpp(509,24): warning C4244: 'argument': conversion from 'float' to 'GLint', possible loss of data
D:\Sem 4\SECV2213-01 FUNDAMENTAL OF COMPUTER GRAPHICS (ASAS GRAFIK BERKOMPUTER)\Assignment\Project\Project_Group1\FCGOpenGL.cpp(531,32): warning C4244: 'argument': conversion from 'float' to 'GLint', possible loss of data
D:\Sem 4\SECV2213-01 FUNDAMENTAL OF COMPUTER GRAPHICS (ASAS GRAFIK BERKOMPUTER)\Assignment\Project\Project_Group1\FCGOpenGL.cpp(531,24): warning C4244: 'argument': conversion from 'float' to 'GLint', possible loss of data
D:\Sem 4\SECV2213-01 FUNDAMENTAL OF COMPUTER GRAPHICS (ASAS GRAFIK BERKOMPUTER)\Assignment\Project\Project_Group1\FCGOpenGL.cpp(536,33): warning C4244: 'argument': conversion from 'float' to 'GLint', possible loss of data
D:\Sem 4\SECV2213-01 FUNDAMENTAL OF COMPUTER GRAPHICS (ASAS GRAFIK BERKOMPUTER)\Assignment\Project\Project_Group1\FCGOpenGL.cpp(536,25): warning C4244: 'argument': conversion from 'float' to 'GLint', possible loss of data
D:\Sem 4\SECV2213-01 FUNDAMENTAL OF COMPUTER GRAPHICS (ASAS GRAFIK BERKOMPUTER)\Assignment\Project\Project_Group1\FCGOpenGL.cpp(824,31): warning C4305: 'argument': truncation from 'double' to 'GLfloat'
D:\Sem 4\SECV2213-01 FUNDAMENTAL OF COMPUTER GRAPHICS (ASAS GRAFIK BERKOMPUTER)\Assignment\Project\Project_Group1\FCGOpenGL.cpp(831,26): warning C4305: 'argument': truncation from 'double' to 'GLfloat'
D:\Sem 4\SECV2213-01 FUNDAMENTAL OF COMPUTER GRAPHICS (ASAS GRAFIK BERKOMPUTER)\Assignment\Project\Project_Group1\FCGOpenGL.cpp(856,30): warning C4305: 'argument': truncation from 'double' to 'GLfloat'
D:\Sem 4\SECV2213-01 FUNDAMENTAL OF COMPUTER GRAPHICS (ASAS GRAFIK BERKOMPUTER)\Assignment\Project\Project_Group1\FCGOpenGL.cpp(857,34): warning C4305: 'argument': truncation from 'double' to 'GLfloat'
D:\Sem 4\SECV2213-01 FUNDAMENTAL OF COMPUTER GRAPHICS (ASAS GRAFIK BERKOMPUTER)\Assignment\Project\Project_Group1\FCGOpenGL.cpp(864,34): warning C4305: 'argument': truncation from 'double' to 'GLfloat'
D:\Sem 4\SECV2213-01 FUNDAMENTAL OF COMPUTER GRAPHICS (ASAS GRAFIK BERKOMPUTER)\Assignment\Project\Project_Group1\FCGOpenGL.cpp(870,29): warning C4305: 'argument': truncation from 'double' to 'GLfloat'
D:\Sem 4\SECV2213-01 FUNDAMENTAL OF COMPUTER GRAPHICS (ASAS GRAFIK BERKOMPUTER)\Assignment\Project\Project_Group1\FCGOpenGL.cpp(871,34): warning C4305: 'argument': truncation from 'double' to 'GLfloat'
D:\Sem 4\SECV2213-01 FUNDAMENTAL OF COMPUTER GRAPHICS (ASAS GRAFIK BERKOMPUTER)\Assignment\Project\Project_Group1\FCGOpenGL.cpp(877,29): warning C4305: 'argument': truncation from 'double' to 'GLfloat'
D:\Sem 4\SECV2213-01 FUNDAMENTAL OF COMPUTER GRAPHICS (ASAS GRAFIK BERKOMPUTER)\Assignment\Project\Project_Group1\FCGOpenGL.cpp(878,35): warning C4305: 'argument': truncation from 'double' to 'GLfloat'
D:\Sem 4\SECV2213-01 FUNDAMENTAL OF COMPUTER GRAPHICS (ASAS GRAFIK BERKOMPUTER)\Assignment\Project\Project_Group1\FCGOpenGL.cpp(884,29): warning C4305: 'argument': truncation from 'double' to 'GLfloat'
D:\Sem 4\SECV2213-01 FUNDAMENTAL OF COMPUTER GRAPHICS (ASAS GRAFIK BERKOMPUTER)\Assignment\Project\Project_Group1\FCGOpenGL.cpp(885,35): warning C4305: 'argument': truncation from 'double' to 'GLfloat'
D:\Sem 4\SECV2213-01 FUNDAMENTAL OF COMPUTER GRAPHICS (ASAS GRAFIK BERKOMPUTER)\Assignment\Project\Project_Group1\FCGOpenGL.cpp(905,30): warning C4305: 'argument': truncation from 'double' to 'GLfloat'
D:\Sem 4\SECV2213-01 FUNDAMENTAL OF COMPUTER GRAPHICS (ASAS GRAFIK BERKOMPUTER)\Assignment\Project\Project_Group1\FCGOpenGL.cpp(906,31): warning C4305: 'argument': truncation from 'double' to 'GLfloat'
D:\Sem 4\SECV2213-01 FUNDAMENTAL OF COMPUTER GRAPHICS (ASAS GRAFIK BERKOMPUTER)\Assignment\Project\Project_Group1\FCGOpenGL.cpp(917,33): warning C4305: 'argument': truncation from 'double' to 'GLfloat'
D:\Sem 4\SECV2213-01 FUNDAMENTAL OF COMPUTER GRAPHICS (ASAS GRAFIK BERKOMPUTER)\Assignment\Project\Project_Group1\FCGOpenGL.cpp(924,35): warning C4305: 'argument': truncation from 'double' to 'GLfloat'
D:\Sem 4\SECV2213-01 FUNDAMENTAL OF COMPUTER GRAPHICS (ASAS GRAFIK BERKOMPUTER)\Assignment\Project\Project_Group1\FCGOpenGL.cpp(933,34): warning C4305: 'argument': truncation from 'double' to 'GLfloat'
D:\Sem 4\SECV2213-01 FUNDAMENTAL OF COMPUTER GRAPHICS (ASAS GRAFIK BERKOMPUTER)\Assignment\Project\Project_Group1\FCGOpenGL.cpp(940,36): warning C4305: 'argument': truncation from 'double' to 'GLfloat'
D:\Sem 4\SECV2213-01 FUNDAMENTAL OF COMPUTER GRAPHICS (ASAS GRAFIK BERKOMPUTER)\Assignment\Project\Project_Group1\FCGOpenGL.cpp(949,31): warning C4305: 'argument': truncation from 'double' to 'GLfloat'
D:\Sem 4\SECV2213-01 FUNDAMENTAL OF COMPUTER GRAPHICS (ASAS GRAFIK BERKOMPUTER)\Assignment\Project\Project_Group1\FCGOpenGL.cpp(955,30): warning C4305: 'argument': truncation from 'double' to 'GLfloat'
D:\Sem 4\SECV2213-01 FUNDAMENTAL OF COMPUTER GRAPHICS (ASAS GRAFIK BERKOMPUTER)\Assignment\Project\Project_Group1\FCGOpenGL.cpp(956,35): warning C4305: 'argument': truncation from 'double' to 'GLfloat'
D:\Sem 4\SECV2213-01 FUNDAMENTAL OF COMPUTER GRAPHICS (ASAS GRAFIK BERKOMPUTER)\Assignment\Project\Project_Group1\FCGOpenGL.cpp(957,27): warning C4305: 'argument': truncation from 'double' to 'GLfloat'
D:\Sem 4\SECV2213-01 FUNDAMENTAL OF COMPUTER GRAPHICS (ASAS GRAFIK BERKOMPUTER)\Assignment\Project\Project_Group1\FCGOpenGL.cpp(964,35): warning C4305: 'argument': truncation from 'double' to 'GLfloat'
D:\Sem 4\SECV2213-01 FUNDAMENTAL OF COMPUTER GRAPHICS (ASAS GRAFIK BERKOMPUTER)\Assignment\Project\Project_Group1\FCGOpenGL.cpp(966,30): warning C4305: 'argument': truncation from 'double' to 'GLfloat'
D:\Sem 4\SECV2213-01 FUNDAMENTAL OF COMPUTER GRAPHICS (ASAS GRAFIK BERKOMPUTER)\Assignment\Project\Project_Group1\FCGOpenGL.cpp(973,35): warning C4305: 'argument': truncation from 'double' to 'GLfloat'
D:\Sem 4\SECV2213-01 FUNDAMENTAL OF COMPUTER GRAPHICS (ASAS GRAFIK BERKOMPUTER)\Assignment\Project\Project_Group1\FCGOpenGL.cpp(975,30): warning C4305: 'argument': truncation from 'double' to 'GLfloat'
D:\Sem 4\SECV2213-01 FUNDAMENTAL OF COMPUTER GRAPHICS (ASAS GRAFIK BERKOMPUTER)\Assignment\Project\Project_Group1\FCGOpenGL.cpp(982,35): warning C4305: 'argument': truncation from 'double' to 'GLfloat'
D:\Sem 4\SECV2213-01 FUNDAMENTAL OF COMPUTER GRAPHICS (ASAS GRAFIK BERKOMPUTER)\Assignment\Project\Project_Group1\FCGOpenGL.cpp(983,30): warning C4305: 'argument': truncation from 'double' to 'GLfloat'
D:\Sem 4\SECV2213-01 FUNDAMENTAL OF COMPUTER GRAPHICS (ASAS GRAFIK BERKOMPUTER)\Assignment\Project\Project_Group1\FCGOpenGL.cpp(989,36): warning C4305: 'argument': truncation from 'double' to 'GLfloat'
D:\Sem 4\SECV2213-01 FUNDAMENTAL OF COMPUTER GRAPHICS (ASAS GRAFIK BERKOMPUTER)\Assignment\Project\Project_Group1\FCGOpenGL.cpp(990,30): warning C4305: 'argument': truncation from 'double' to 'GLfloat'
D:\Sem 4\SECV2213-01 FUNDAMENTAL OF COMPUTER GRAPHICS (ASAS GRAFIK BERKOMPUTER)\Assignment\Project\Project_Group1\FCGOpenGL.cpp(1001,35): warning C4305: 'argument': truncation from 'double' to 'GLfloat'
D:\Sem 4\SECV2213-01 FUNDAMENTAL OF COMPUTER GRAPHICS (ASAS GRAFIK BERKOMPUTER)\Assignment\Project\Project_Group1\FCGOpenGL.cpp(1011,26): warning C4305: 'argument': truncation from 'double' to 'GLfloat'
D:\Sem 4\SECV2213-01 FUNDAMENTAL OF COMPUTER GRAPHICS (ASAS GRAFIK BERKOMPUTER)\Assignment\Project\Project_Group1\FCGOpenGL.cpp(1018,30): warning C4305: 'argument': truncation from 'double' to 'GLfloat'
D:\Sem 4\SECV2213-01 FUNDAMENTAL OF COMPUTER GRAPHICS (ASAS GRAFIK BERKOMPUTER)\Assignment\Project\Project_Group1\FCGOpenGL.cpp(1019,35): warning C4305: 'argument': truncation from 'double' to 'GLfloat'
D:\Sem 4\SECV2213-01 FUNDAMENTAL OF COMPUTER GRAPHICS (ASAS GRAFIK BERKOMPUTER)\Assignment\Project\Project_Group1\FCGOpenGL.cpp(1033,34): warning C4305: 'argument': truncation from 'double' to 'GLfloat'
D:\Sem 4\SECV2213-01 FUNDAMENTAL OF COMPUTER GRAPHICS (ASAS GRAFIK BERKOMPUTER)\Assignment\Project\Project_Group1\FCGOpenGL.cpp(1043,26): warning C4305: 'argument': truncation from 'double' to 'GLfloat'
D:\Sem 4\SECV2213-01 FUNDAMENTAL OF COMPUTER GRAPHICS (ASAS GRAFIK BERKOMPUTER)\Assignment\Project\Project_Group1\FCGOpenGL.cpp(1050,30): warning C4305: 'argument': truncation from 'double' to 'GLfloat'
D:\Sem 4\SECV2213-01 FUNDAMENTAL OF COMPUTER GRAPHICS (ASAS GRAFIK BERKOMPUTER)\Assignment\Project\Project_Group1\FCGOpenGL.cpp(1051,34): warning C4305: 'argument': truncation from 'double' to 'GLfloat'
D:\Sem 4\SECV2213-01 FUNDAMENTAL OF COMPUTER GRAPHICS (ASAS GRAFIK BERKOMPUTER)\Assignment\Project\Project_Group1\FCGOpenGL.cpp(1073,30): warning C4305: 'argument': truncation from 'double' to 'GLfloat'
D:\Sem 4\SECV2213-01 FUNDAMENTAL OF COMPUTER GRAPHICS (ASAS GRAFIK BERKOMPUTER)\Assignment\Project\Project_Group1\FCGOpenGL.cpp(1094,30): warning C4305: 'argument': truncation from 'double' to 'GLfloat'
D:\Sem 4\SECV2213-01 FUNDAMENTAL OF COMPUTER GRAPHICS (ASAS GRAFIK BERKOMPUTER)\Assignment\Project\Project_Group1\FCGOpenGL.cpp(1297,21): warning C4305: '+=': truncation from 'double' to 'float'
D:\Sem 4\SECV2213-01 FUNDAMENTAL OF COMPUTER GRAPHICS (ASAS GRAFIK BERKOMPUTER)\Assignment\Project\Project_Group1\FCGOpenGL.cpp(1303,21): warning C4305: '-=': truncation from 'double' to 'float'
D:\Sem 4\SECV2213-01 FUNDAMENTAL OF COMPUTER GRAPHICS (ASAS GRAFIK BERKOMPUTER)\Assignment\Project\Project_Group1\FCGOpenGL.cpp(1309,21): warning C4305: '-=': truncation from 'double' to 'float'
D:\Sem 4\SECV2213-01 FUNDAMENTAL OF COMPUTER GRAPHICS (ASAS GRAFIK BERKOMPUTER)\Assignment\Project\Project_Group1\FCGOpenGL.cpp(1315,21): warning C4305: '+=': truncation from 'double' to 'float'
  imageloader.cpp
  Generating Code...
D:\Sem 4\SECV2213-01 FUNDAMENTAL OF COMPUTER GRAPHICS (ASAS GRAFIK BERKOMPUTER)\Assignment\Project\Project_Group1\FCGOpenGL.cpp(221): warning C4715: 'updateAnimation': not all control paths return a value
  FCGOpenGL.vcxproj -> D:\Sem 4\SECV2213-01 FUNDAMENTAL OF COMPUTER GRAPHICS (ASAS GRAFIK BERKOMPUTER)\Assignment\Project\Project_Group1\x64\Debug\FCGOpenGL.exe
